#
# There is insufficient memory for the Java Runtime Environment to continue.
# Native memory allocation (malloc) failed to allocate 83216 bytes for Chunk::new
# Possible reasons:
#   The system is out of physical RAM or swap space
#   In 32 bit mode, the process size limit was hit
# Possible solutions:
#   Reduce memory load on the system
#   Increase physical memory or swap space
#   Check if swap backing store is full
#   Use 64 bit Java on a 64 bit OS
#   Decrease Java heap size (-Xmx/-Xms)
#   Decrease number of Java threads
#   Decrease Java thread stack sizes (-Xss)
#   Set larger code cache with -XX:ReservedCodeCacheSize=
# This output file may be truncated or incomplete.
#
#  Out of Memory Error (allocation.cpp:390), pid=19208, tid=0x0000000000006b48
#
# JRE version: Java(TM) SE Runtime Environment (8.0_181-b13) (build 1.8.0_181-b13)
# Java VM: Java HotSpot(TM) 64-Bit Server VM (25.181-b13 mixed mode windows-amd64 compressed oops)
# Failed to write core dump. Minidumps are not enabled by default on client versions of Windows
#

---------------  T H R E A D  ---------------

Current thread (0x000000001965c000):  JavaThread "C2 CompilerThread2" daemon [_thread_in_native, id=27464, stack(0x000000001a110000,0x000000001a210000)]

Stack: [0x000000001a110000,0x000000001a210000]
[error occurred during error reporting (printing stack bounds), id 0xc0000005]

Native frames: (J=compiled Java code, j=interpreted, Vv=VM code, C=native code)


Current CompileTask:
C2:    329  227       4       java.lang.String::toLowerCase (439 bytes)


---------------  P R O C E S S  ---------------

Java Threads: ( => current thread )
  0x00000000196fb800 JavaThread "Service Thread" daemon [_thread_blocked, id=44980, stack(0x000000001a410000,0x000000001a510000)]
  0x000000001966b000 JavaThread "C1 CompilerThread3" daemon [_thread_blocked, id=29688, stack(0x000000001a310000,0x000000001a410000)]
=>0x000000001965c000 JavaThread "C2 CompilerThread2" daemon [_thread_in_native, id=27464, stack(0x000000001a110000,0x000000001a210000)]
  0x0000000019659800 JavaThread "C2 CompilerThread1" daemon [_thread_in_native, id=45864, stack(0x000000001a010000,0x000000001a110000)]
  0x0000000019656000 JavaThread "C2 CompilerThread0" daemon [_thread_in_native, id=41160, stack(0x0000000019f10000,0x000000001a010000)]
  0x0000000019651000 JavaThread "Attach Listener" daemon [_thread_blocked, id=14268, stack(0x0000000019e10000,0x0000000019f10000)]
  0x0000000019662000 JavaThread "Signal Dispatcher" daemon [_thread_blocked, id=42840, stack(0x0000000019d10000,0x0000000019e10000)]
  0x0000000019637000 JavaThread "Finalizer" daemon [_thread_blocked, id=47716, stack(0x0000000019b10000,0x0000000019c10000)]
  0x0000000019630800 JavaThread "Reference Handler" daemon [_thread_blocked, id=4128, stack(0x0000000019a10000,0x0000000019b10000)]
  0x00000000026d6000 JavaThread "main" [_thread_in_vm, id=12496, stack(0x00000000025c0000,0x00000000026c0000)]

Other Threads:
  0x0000000017832800 VMThread [stack: 0x0000000019510000,0x0000000019610000] [id=21572]
  0x000000001971e000 WatcherThread [stack: 0x000000001a510000,0x000000001a610000] [id=29464]

VM state:not at safepoint (normal execution)

VM Mutex/Monitor currently owned by a thread:  ([mutex/lock_event])
[0x00000000026d4480] AdapterHandlerLibrary_lock - owner thread: 0x00000000026d6000

Heap:
 PSYoungGen      total 37888K, used 9829K [0x00000000d5580000, 0x00000000d7f80000, 0x0000000100000000)
  eden space 32768K, 29% used [0x00000000d5580000,0x00000000d5f19460,0x00000000d7580000)
  from space 5120K, 0% used [0x00000000d7a80000,0x00000000d7a80000,0x00000000d7f80000)
  to   space 5120K, 0% used [0x00000000d7580000,0x00000000d7580000,0x00000000d7a80000)
 ParOldGen       total 86016K, used 0K [0x0000000080000000, 0x0000000085400000, 0x00000000d5580000)
  object space 86016K, 0% used [0x0000000080000000,0x0000000080000000,0x0000000085400000)
 Metaspace       used 3212K, capacity 4564K, committed 4864K, reserved 1056768K
  class space    used 333K, capacity 388K, committed 512K, reserved 1048576K

Card table byte_map: [0x0000000011b80000,0x0000000011f90000] byte_map_base: 0x0000000011780000

Marking Bits: (ParMarkBitMap*) 0x0000000061952d00
 Begin Bits: [0x0000000012a40000, 0x0000000014a40000)
 End Bits:   [0x0000000014a40000, 0x0000000016a40000)

Polling page: 0x0000000000bb0000

CodeCache: size=245760Kb used=1676Kb max_used=1691Kb free=244083Kb
 bounds [0x00000000027c0000, 0x0000000002a30000, 0x00000000117c0000]
 total_blobs=472 nmethods=231 adapters=154
 compilation: enabled

Compilation events (10 events):
Event: 0.310 Thread 0x000000001965c000 nmethod 226% 0x000000000295d010 code [0x000000000295d160, 0x000000000295d4b8]
Event: 0.310 Thread 0x000000001965c000  228       4       java.lang.String::hashCode (55 bytes)
Event: 0.313 Thread 0x000000001965c000 nmethod 228 0x000000000295cc50 code [0x000000000295cd80, 0x000000000295cf58]
Event: 0.313 Thread 0x000000001965c000  227       4       java.lang.String::toLowerCase (439 bytes)
Event: 0.319 Thread 0x000000001966b000  232       3       sun.misc.FileURLMapper::getPath (141 bytes)
Event: 0.321 Thread 0x000000001966b000 nmethod 232 0x0000000002960f50 code [0x0000000002961200, 0x0000000002962658]
Event: 0.322 Thread 0x000000001966b000  233       3       java.lang.String::toUpperCase (439 bytes)
Event: 0.324 Thread 0x000000001966b000 nmethod 233 0x0000000002962e10 code [0x0000000002963140, 0x0000000002964958]
Event: 0.324 Thread 0x000000001966b000  235       3       java.nio.Buffer::position (43 bytes)
Event: 0.324 Thread 0x000000001966b000 nmethod 235 0x000000000295c750 code [0x000000000295c8c0, 0x000000000295cb88]

GC Heap History (0 events):
No events

Deoptimization events (4 events):
Event: 0.110 Thread 0x00000000026d6000 Uncommon trap: reason=unstable_if action=reinterpret pc=0x00000000028cf4e4 method=java.lang.String.indexOf(II)I @ 49
Event: 0.199 Thread 0x00000000026d6000 Uncommon trap: reason=unstable_if action=reinterpret pc=0x0000000002902df8 method=java.util.jar.JarFile.match([C[B[I[I)Z @ 29
Event: 0.236 Thread 0x00000000026d6000 Uncommon trap: reason=unstable_if action=reinterpret pc=0x00000000028cf9a4 method=java.lang.String.hashCode()I @ 14
Event: 0.281 Thread 0x00000000026d6000 Uncommon trap: reason=unstable_if action=reinterpret pc=0x00000000029494dc method=java.lang.String.regionMatches(ZILjava/lang/String;II)Z @ 95

Classes redefined (0 events):
No events

Internal exceptions (10 events):
Event: 0.220 Thread 0x00000000026d6000 Exception <a 'java/security/PrivilegedActionException'> (0x00000000d5b510a0) thrown at [C:\re\workspace\8-2-build-windows-amd64-cygwin\jdk8u181\11358\hotspot\src\share\vm\prims\jvm.cpp, line 1435]
Event: 0.220 Thread 0x00000000026d6000 Exception <a 'java/security/PrivilegedActionException'> (0x00000000d5b512b0) thrown at [C:\re\workspace\8-2-build-windows-amd64-cygwin\jdk8u181\11358\hotspot\src\share\vm\prims\jvm.cpp, line 1435]
Event: 0.281 Thread 0x00000000026d6000 Exception <a 'java/security/PrivilegedActionException'> (0x00000000d5c83a10) thrown at [C:\re\workspace\8-2-build-windows-amd64-cygwin\jdk8u181\11358\hotspot\src\share\vm\prims\jvm.cpp, line 1435]
Event: 0.281 Thread 0x00000000026d6000 Exception <a 'java/security/PrivilegedActionException'> (0x00000000d5c83c20) thrown at [C:\re\workspace\8-2-build-windows-amd64-cygwin\jdk8u181\11358\hotspot\src\share\vm\prims\jvm.cpp, line 1435]
Event: 0.282 Thread 0x00000000026d6000 Exception <a 'java/security/PrivilegedActionException'> (0x00000000d5c8b778) thrown at [C:\re\workspace\8-2-build-windows-amd64-cygwin\jdk8u181\11358\hotspot\src\share\vm\prims\jvm.cpp, line 1435]
Event: 0.282 Thread 0x00000000026d6000 Exception <a 'java/security/PrivilegedActionException'> (0x00000000d5c8b988) thrown at [C:\re\workspace\8-2-build-windows-amd64-cygwin\jdk8u181\11358\hotspot\src\share\vm\prims\jvm.cpp, line 1435]
Event: 0.283 Thread 0x00000000026d6000 Exception <a 'java/security/PrivilegedActionException'> (0x00000000d5c92c88) thrown at [C:\re\workspace\8-2-build-windows-amd64-cygwin\jdk8u181\11358\hotspot\src\share\vm\prims\jvm.cpp, line 1435]
Event: 0.283 Thread 0x00000000026d6000 Exception <a 'java/security/PrivilegedActionException'> (0x00000000d5c92e98) thrown at [C:\re\workspace\8-2-build-windows-amd64-cygwin\jdk8u181\11358\hotspot\src\share\vm\prims\jvm.cpp, line 1435]
Event: 0.284 Thread 0x00000000026d6000 Exception <a 'java/security/PrivilegedActionException'> (0x00000000d5c99ec8) thrown at [C:\re\workspace\8-2-build-windows-amd64-cygwin\jdk8u181\11358\hotspot\src\share\vm\prims\jvm.cpp, line 1435]
Event: 0.284 Thread 0x00000000026d6000 Exception <a 'java/security/PrivilegedActionException'> (0x00000000d5c9a0d8) thrown at [C:\re\workspace\8-2-build-windows-amd64-cygwin\jdk8u181\11358\hotspot\src\share\vm\prims\jvm.cpp, line 1435]

Events (10 events):
Event: 0.307 Thread 0x00000000026d6000 DEOPT PACKING pc=0x000000000291f57f sp=0x00000000026bc470
Event: 0.307 Thread 0x00000000026d6000 DEOPT UNPACKING pc=0x0000000002807890 sp=0x00000000026bc180 mode 0
Event: 0.307 Thread 0x00000000026d6000 DEOPT PACKING pc=0x000000000291f57f sp=0x00000000026bc470
Event: 0.307 Thread 0x00000000026d6000 DEOPT UNPACKING pc=0x0000000002807890 sp=0x00000000026bc180 mode 0
Event: 0.309 Thread 0x00000000026d6000 DEOPT PACKING pc=0x000000000291f57f sp=0x00000000026bc470
Event: 0.309 Thread 0x00000000026d6000 DEOPT UNPACKING pc=0x0000000002807890 sp=0x00000000026bc180 mode 0
Event: 0.311 Thread 0x00000000026d6000 DEOPT PACKING pc=0x0000000002906355 sp=0x00000000026bdf30
Event: 0.311 Thread 0x00000000026d6000 DEOPT UNPACKING pc=0x0000000002807890 sp=0x00000000026bdc68 mode 0
Event: 0.320 Thread 0x00000000026d6000 DEOPT PACKING pc=0x0000000002906355 sp=0x00000000026bdf30
Event: 0.320 Thread 0x00000000026d6000 DEOPT UNPACKING pc=0x0000000002807890 sp=0x00000000026bdc68 mode 0


Dynamic libraries:
0x00007ff701480000 - 0x00007ff7014b7000 	C:\Users\aravind.y\Downloads\Katalon_Studio_Windows_64-7.6.2\Katalon_Studio_Windows_64-7.6.2\jre\bin\javaw.exe
0x00007ffe17a40000 - 0x00007ffe17c30000 	C:\Windows\SYSTEM32\ntdll.dll
0x00007ffe16900000 - 0x00007ffe169b2000 	C:\Windows\System32\KERNEL32.DLL
0x00007ffe149f0000 - 0x00007ffe14c95000 	C:\Windows\System32\KERNELBASE.dll
0x0000000062250000 - 0x00000000622e3000 	C:\Windows\System32\SYSFER.DLL
0x00007ffe15af0000 - 0x00007ffe15b93000 	C:\Windows\System32\ADVAPI32.dll
0x00007ffe16260000 - 0x00007ffe162fe000 	C:\Windows\System32\msvcrt.dll
0x00007ffe15e00000 - 0x00007ffe15e97000 	C:\Windows\System32\sechost.dll
0x00007ffe16300000 - 0x00007ffe1641f000 	C:\Windows\System32\RPCRT4.dll
0x00007ffe160c0000 - 0x00007ffe16254000 	C:\Windows\System32\USER32.dll
0x00007ffe154b0000 - 0x00007ffe154d1000 	C:\Windows\System32\win32u.dll
0x00007ffe169c0000 - 0x00007ffe169e6000 	C:\Windows\System32\GDI32.dll
0x00007ffe154e0000 - 0x00007ffe15678000 	C:\Windows\System32\gdi32full.dll
0x00007ffe15680000 - 0x00007ffe1571e000 	C:\Windows\System32\msvcp_win.dll
0x00007ffe159f0000 - 0x00007ffe15aea000 	C:\Windows\System32\ucrtbase.dll
0x00007ffdff400000 - 0x00007ffdff684000 	C:\Windows\WinSxS\amd64_microsoft.windows.common-controls_6595b64144ccf1df_6.0.18362.1379_none_9e7ff3b3e45cc0c4\COMCTL32.dll
0x00007ffe16f60000 - 0x00007ffe17297000 	C:\Windows\System32\combase.dll
0x00007ffe15420000 - 0x00007ffe154a1000 	C:\Windows\System32\bcryptPrimitives.dll
0x00007ffe168d0000 - 0x00007ffe168fe000 	C:\Windows\System32\IMM32.DLL
0x0000000060f80000 - 0x0000000061052000 	C:\Users\aravind.y\Downloads\Katalon_Studio_Windows_64-7.6.2\Katalon_Studio_Windows_64-7.6.2\jre\bin\msvcr100.dll
0x0000000061130000 - 0x00000000619d2000 	C:\Users\aravind.y\Downloads\Katalon_Studio_Windows_64-7.6.2\Katalon_Studio_Windows_64-7.6.2\jre\bin\server\jvm.dll
0x00007ffe16f30000 - 0x00007ffe16f38000 	C:\Windows\System32\PSAPI.DLL
0x00007ffdfb760000 - 0x00007ffdfb769000 	C:\Windows\SYSTEM32\WSOCK32.dll
0x00007ffe16560000 - 0x00007ffe165cf000 	C:\Windows\System32\WS2_32.dll
0x00007ffe0f7d0000 - 0x00007ffe0f7f4000 	C:\Windows\SYSTEM32\WINMM.dll
0x00007ffe0a560000 - 0x00007ffe0a56a000 	C:\Windows\SYSTEM32\VERSION.dll
0x00007ffe0f7a0000 - 0x00007ffe0f7cd000 	C:\Windows\SYSTEM32\WINMMBASE.dll
0x00007ffe159a0000 - 0x00007ffe159ea000 	C:\Windows\System32\cfgmgr32.dll
0x0000000061bb0000 - 0x0000000061bbf000 	C:\Users\aravind.y\Downloads\Katalon_Studio_Windows_64-7.6.2\Katalon_Studio_Windows_64-7.6.2\jre\bin\verify.dll
0x0000000061b80000 - 0x0000000061ba9000 	C:\Users\aravind.y\Downloads\Katalon_Studio_Windows_64-7.6.2\Katalon_Studio_Windows_64-7.6.2\jre\bin\java.dll
0x0000000061b60000 - 0x0000000061b76000 	C:\Users\aravind.y\Downloads\Katalon_Studio_Windows_64-7.6.2\Katalon_Studio_Windows_64-7.6.2\jre\bin\zip.dll
0x00007ffe172a0000 - 0x00007ffe17988000 	C:\Windows\System32\SHELL32.dll
0x00007ffe15ba0000 - 0x00007ffe15c47000 	C:\Windows\System32\shcore.dll
0x00007ffe14ca0000 - 0x00007ffe1541b000 	C:\Windows\System32\windows.storage.dll
0x00007ffe14990000 - 0x00007ffe149b3000 	C:\Windows\System32\profapi.dll
0x00007ffe14940000 - 0x00007ffe1498a000 	C:\Windows\System32\powrprof.dll
0x00007ffe148f0000 - 0x00007ffe14900000 	C:\Windows\System32\UMPDC.dll
0x00007ffe16500000 - 0x00007ffe16552000 	C:\Windows\System32\shlwapi.dll
0x00007ffe14900000 - 0x00007ffe14911000 	C:\Windows\System32\kernel.appcore.dll
0x00007ffe15870000 - 0x00007ffe15887000 	C:\Windows\System32\cryptsp.dll

VM Arguments:
jvm_args: -Dgroovy.home=/C:/Users/aravind.y/Downloads/Katalon_Studio_Windows_64-7.6.2/Katalon_Studio_Windows_64-7.6.2/plugins/org.codehaus.groovy_2.4.7.xx-201611170128-e46/ -Xmx2048m -Dfile.encoding=UTF-8 
java_command: org.codehaus.groovy.tools.GroovyStarter --classpath C:\Users\aravind.y\Katalon Studio\IVR to SMS\Include\scripts\groovy;C:\Users\aravind.y\Katalon Studio\IVR to SMS\Keywords;C:\Users\aravind.y\Katalon Studio\IVR to SMS\Libs;C:\Users\aravind.y\Katalon Studio\IVR to SMS\Test Listeners;C:\Users\aravind.y\Downloads\Katalon_Studio_Windows_64-7.6.2\Katalon_Studio_Windows_64-7.6.2\configuration\plugin\install\38138\1.0.2\katalon-dbms-keywords.jar;C:\Users\aravind.y\Downloads\Katalon_Studio_Windows_64-7.6.2\Katalon_Studio_Windows_64-7.6.2\configuration\plugin\install\40136\1.2.0\Katalon Gmail.jar;C:\Users\aravind.y\Downloads\Katalon_Studio_Windows_64-7.6.2\Katalon_Studio_Windows_64-7.6.2\configuration\plugin\install\97936\1.0.8\katalon-studio-basic-report-plugin.jar;C:\Users\aravind.y\Downloads\Katalon_Studio_Windows_64-7.6.2\Katalon_Studio_Windows_64-7.6.2\configuration\plugin\install\97938\1.0.2\ExcelKeywords.jar;C:\Users\aravind.y\Downloads\Katalon_Studio_Windows_64-7.6.2\Katalon_Studio_Windows_64-7.6.2\configuration\resources\lib\aalto-xml-1.0.0.jar;C:\Users\aravind.y\Downloads\Katalon_Studio_Windows_64-7.6.2\Katalon_Studio_Windows_64-7.6.2\configuration\resources\lib\aspectjweaver-1.9.1.jar;C:\Users\aravind.y\Downloads\Katalon_Studio_Windows_64-7.6.2\Katalon_Studio_Windows_64-7.6.2\configuration\resources\lib\bcpkix-jdk15on-1.58.jar;C:\Users\aravind.y\Downloads\Katalon_Studio_Windows_64-7.6.2\Katalon_Studio_Windows_64-7.6.2\configuration\resources\lib\bcprov-jdk15on-1.58.jar;C:\Users\aravind.y\Downloads\Katalon_Studio_Windows_64-7.6.2\Katalon_Studio_Windows_64-7.6.2\configuration\resources\lib\browsermob-core-2.1.5.jar;C:\Users\aravind.y\Downloads\Katalon_Studio_Windows_64-7.6.2\Katalon_Studio_Windows_64-7.6.2\configuration\resources\lib\cglib-3.2.10.jar;C:\Users\aravind.y\Downloads\Katalon_Studio_Windows_64-7.6.2\Katalon_Studio_Windows_64-7.6.2\configuration\resources\lib\commons-codec-1.10.jar;C:\Users\aravind.y\Downloads\Katalon_Studio_Windows_64-7.6
java_class_path (initial): C:\Users\aravind.y\Katalon Studio\IVR to SMS\bin\keyword;C:\Users\aravind.y\Katalon Studio\IVR to SMS\bin\listener;C:\Users\aravind.y\Katalon Studio\IVR to SMS\bin\lib;C:\Users\aravind.y\Katalon Studio\IVR to SMS\bin\groovy;C:\Users\aravind.y\Katalon Studio\IVR to SMS\bin;C:\Users\aravind.y\Downloads\Katalon_Studio_Windows_64-7.6.2\Katalon_Studio_Windows_64-7.6.2\plugins\com.kms.katalon.core_1.0.0.202007270815.jar;C:\Users\aravind.y\Downloads\Katalon_Studio_Windows_64-7.6.2\Katalon_Studio_Windows_64-7.6.2\configuration\resources\lib\aalto-xml-1.0.0.jar;C:\Users\aravind.y\Downloads\Katalon_Studio_Windows_64-7.6.2\Katalon_Studio_Windows_64-7.6.2\configuration\resources\lib\aspectjweaver-1.9.1.jar;C:\Users\aravind.y\Downloads\Katalon_Studio_Windows_64-7.6.2\Katalon_Studio_Windows_64-7.6.2\configuration\resources\lib\bcpkix-jdk15on-1.58.jar;C:\Users\aravind.y\Downloads\Katalon_Studio_Windows_64-7.6.2\Katalon_Studio_Windows_64-7.6.2\configuration\resources\lib\bcprov-jdk15on-1.58.jar;C:\Users\aravind.y\Downloads\Katalon_Studio_Windows_64-7.6.2\Katalon_Studio_Windows_64-7.6.2\configuration\resources\lib\browsermob-core-2.1.5.jar;C:\Users\aravind.y\Downloads\Katalon_Studio_Windows_64-7.6.2\Katalon_Studio_Windows_64-7.6.2\configuration\resources\lib\cglib-3.2.10.jar;C:\Users\aravind.y\Downloads\Katalon_Studio_Windows_64-7.6.2\Katalon_Studio_Windows_64-7.6.2\configuration\resources\lib\commons-codec-1.10.jar;C:\Users\aravind.y\Downloads\Katalon_Studio_Windows_64-7.6.2\Katalon_Studio_Windows_64-7.6.2\configuration\resources\lib\commons-collections4-4.1.jar;C:\Users\aravind.y\Downloads\Katalon_Studio_Windows_64-7.6.2\Katalon_Studio_Windows_64-7.6.2\configuration\resources\lib\commons-validator-1.6.jar;C:\Users\aravind.y\Downloads\Katalon_Studio_Windows_64-7.6.2\Katalon_Studio_Windows_64-7.6.2\configuration\resources\lib\curvesapi-1.04.jar;C:\Users\aravind.y\Downloads\Katalon_Studio_Windows_64-7.6.2\Katalon_Studio_Windows_64-7.6.2\configuration\reso
Launcher Type: SUN_STANDARD

Environment Variables:
PATH=C:/Users/aravind.y/Downloads/Katalon_Studio_Windows_64-7.6.2/Katalon_Studio_Windows_64-7.6.2/jre/bin/server;C:/Users/aravind.y/Downloads/Katalon_Studio_Windows_64-7.6.2/Katalon_Studio_Windows_64-7.6.2/jre/bin;C:/Users/aravind.y/Downloads/Katalon_Studio_Windows_64-7.6.2/Katalon_Studio_Windows_64-7.6.2/jre/lib/amd64;C:\Windows\system32;C:\Windows;C:\Windows\System32\Wbem;C:\Windows\System32\WindowsPowerShell\v1.0\;C:\Windows\System32\OpenSSH\;C:\Users\aravind.y\AppData\Local\Microsoft\WindowsApps;;C:\Users\aravind.y\Downloads\Katalon_Studio_Windows_64-7.6.2\Katalon_Studio_Windows_64-7.6.2;
USERNAME=aravind.y
OS=Windows_NT
PROCESSOR_IDENTIFIER=Intel64 Family 6 Model 142 Stepping 10, GenuineIntel



---------------  S Y S T E M  ---------------

OS: Windows 10.0 , 64 bit Build 18362 (10.0.18362.1350)

CPU:total 8 (initial active 8) (4 cores per cpu, 2 threads per core) family 6 model 142 stepping 10, cmov, cx8, fxsr, mmx, sse, sse2, sse3, ssse3, sse4.1, sse4.2, popcnt, avx, avx2, aes, clmul, erms, rtm, 3dnowpref, lzcnt, ht, tsc, tscinvbit, bmi1, bmi2, adx

Memory: 4k page, physical 8244756k(678684k free), swap 22818192k(3748k free)

vm_info: Java HotSpot(TM) 64-Bit Server VM (25.181-b13) for windows-amd64 JRE (1.8.0_181-b13), built on Jul  7 2018 04:01:33 by "java_re" with MS VC++ 10.0 (VS2010)

time: Tue Jun 01 10:59:16 2021
elapsed time: 0 seconds (0d 0h 0m 0s)

