#
# There is insufficient memory for the Java Runtime Environment to continue.
# Native memory allocation (malloc) failed to allocate 1224736 bytes for Chunk::new
# Possible reasons:
#   The system is out of physical RAM or swap space
#   In 32 bit mode, the process size limit was hit
# Possible solutions:
#   Reduce memory load on the system
#   Increase physical memory or swap space
#   Check if swap backing store is full
#   Use 64 bit Java on a 64 bit OS
#   Decrease Java heap size (-Xmx/-Xms)
#   Decrease number of Java threads
#   Decrease Java thread stack sizes (-Xss)
#   Set larger code cache with -XX:ReservedCodeCacheSize=
# This output file may be truncated or incomplete.
#
#  Out of Memory Error (allocation.cpp:390), pid=31948, tid=0x000000000000b6e0
#
# JRE version: Java(TM) SE Runtime Environment (8.0_181-b13) (build 1.8.0_181-b13)
# Java VM: Java HotSpot(TM) 64-Bit Server VM (25.181-b13 mixed mode windows-amd64 compressed oops)
# Failed to write core dump. Minidumps are not enabled by default on client versions of Windows
#

---------------  T H R E A D  ---------------

Current thread (0x0000000019750000):  JavaThread "C2 CompilerThread1" daemon [_thread_in_native, id=46816, stack(0x000000001a100000,0x000000001a200000)]

Stack: [0x000000001a100000,0x000000001a200000]
[error occurred during error reporting (printing stack bounds), id 0xc0000005]

Native frames: (J=compiled Java code, j=interpreted, Vv=VM code, C=native code)


Current CompileTask:
C2:   3520 1876   !   4       com.sun.beans.TypeResolver::resolve (274 bytes)


---------------  P R O C E S S  ---------------

Java Threads: ( => current thread )
  0x00000000197e9000 JavaThread "Service Thread" daemon [_thread_blocked, id=36260, stack(0x000000001a500000,0x000000001a600000)]
  0x0000000019770000 JavaThread "C1 CompilerThread3" daemon [_thread_blocked, id=44136, stack(0x000000001a400000,0x000000001a500000)]
  0x0000000019753000 JavaThread "C2 CompilerThread2" daemon [_thread_blocked, id=43004, stack(0x000000001a200000,0x000000001a300000)]
=>0x0000000019750000 JavaThread "C2 CompilerThread1" daemon [_thread_in_native, id=46816, stack(0x000000001a100000,0x000000001a200000)]
  0x0000000019749000 JavaThread "C2 CompilerThread0" daemon [_thread_in_native, id=41464, stack(0x000000001a000000,0x000000001a100000)]
  0x0000000019748000 JavaThread "Attach Listener" daemon [_thread_blocked, id=47696, stack(0x0000000019f00000,0x000000001a000000)]
  0x0000000019747000 JavaThread "Signal Dispatcher" daemon [_thread_blocked, id=32848, stack(0x0000000019e00000,0x0000000019f00000)]
  0x0000000019727000 JavaThread "Finalizer" daemon [_thread_blocked, id=45872, stack(0x0000000019c00000,0x0000000019d00000)]
  0x0000000019720800 JavaThread "Reference Handler" daemon [_thread_blocked, id=43240, stack(0x0000000019b00000,0x0000000019c00000)]
  0x00000000027e6000 JavaThread "main" [_thread_in_native, id=40600, stack(0x0000000002670000,0x0000000002770000)]

Other Threads:
  0x0000000017943800 VMThread [stack: 0x0000000019600000,0x0000000019700000] [id=26736]
  0x00000000197c4000 WatcherThread [stack: 0x000000001a600000,0x000000001a700000] [id=40904]

VM state:not at safepoint (normal execution)

VM Mutex/Monitor currently owned by a thread: None

Heap:
 PSYoungGen      total 74752K, used 16733K [0x00000000d5580000, 0x00000000de880000, 0x0000000100000000)
  eden space 65024K, 25% used [0x00000000d5580000,0x00000000d65d7430,0x00000000d9500000)
  from space 9728K, 0% used [0x00000000d9500000,0x00000000d9500000,0x00000000d9e80000)
  to   space 10240K, 0% used [0x00000000dde80000,0x00000000dde80000,0x00000000de880000)
 ParOldGen       total 66560K, used 13172K [0x0000000080000000, 0x0000000084100000, 0x00000000d5580000)
  object space 66560K, 19% used [0x0000000080000000,0x0000000080cdd308,0x0000000084100000)
 Metaspace       used 22447K, capacity 22752K, committed 23088K, reserved 1069056K
  class space    used 2530K, capacity 2632K, committed 2688K, reserved 1048576K

Card table byte_map: [0x0000000011c90000,0x00000000120a0000] byte_map_base: 0x0000000011890000

Marking Bits: (ParMarkBitMap*) 0x0000000061952d00
 Begin Bits: [0x0000000012b50000, 0x0000000014b50000)
 End Bits:   [0x0000000014b50000, 0x0000000016b50000)

Polling page: 0x0000000000e10000

CodeCache: size=245760Kb used=8494Kb max_used=8501Kb free=237265Kb
 bounds [0x00000000028d0000, 0x0000000003130000, 0x00000000118d0000]
 total_blobs=2577 nmethods=1962 adapters=527
 compilation: enabled

Compilation events (10 events):
Event: 3.483 Thread 0x0000000019770000 1965       3       org.apache.xerces.impl.XMLEntityManager$RewindableInputStream::read (128 bytes)
Event: 3.484 Thread 0x0000000019770000 nmethod 1965 0x0000000003119d90 code [0x0000000003119f40, 0x000000000311a568]
Event: 3.484 Thread 0x0000000019770000 1967       3       org.apache.xerces.dom.DeferredDocumentImpl::getChunkIndex (16 bytes)
Event: 3.484 Thread 0x0000000019770000 nmethod 1967 0x00000000031198d0 code [0x0000000003119a40, 0x0000000003119c30]
Event: 3.484 Thread 0x0000000019770000 1966       3       org.apache.xerces.impl.XMLEntityScanner::peekChar (65 bytes)
Event: 3.484 Thread 0x0000000019770000 nmethod 1966 0x0000000003119210 code [0x0000000003119380, 0x0000000003119768]
Event: 3.500 Thread 0x0000000019753000 1968       4       java.nio.DirectLongBufferU::put (18 bytes)
Event: 3.501 Thread 0x0000000019753000 nmethod 1968 0x00000000030b7890 code [0x00000000030b79c0, 0x00000000030b7a58]
Event: 3.515 Thread 0x0000000019770000 1969       3       java.util.regex.Matcher::<init> (84 bytes)
Event: 3.515 Thread 0x0000000019770000 nmethod 1969 0x0000000003118a50 code [0x0000000003118be0, 0x00000000031190a8]

GC Heap History (10 events):
Event: 2.145 GC heap before
{Heap before GC invocations=4 (full 0):
 PSYoungGen      total 37888K, used 37876K [0x00000000d5580000, 0x00000000d7f80000, 0x0000000100000000)
  eden space 32768K, 100% used [0x00000000d5580000,0x00000000d7580000,0x00000000d7580000)
  from space 5120K, 99% used [0x00000000d7580000,0x00000000d7a7d030,0x00000000d7a80000)
  to   space 5120K, 0% used [0x00000000d7a80000,0x00000000d7a80000,0x00000000d7f80000)
 ParOldGen       total 86016K, used 898K [0x0000000080000000, 0x0000000085400000, 0x00000000d5580000)
  object space 86016K, 1% used [0x0000000080000000,0x00000000800e0a38,0x0000000085400000)
 Metaspace       used 15869K, capacity 16026K, committed 16256K, reserved 1062912K
  class space    used 1726K, capacity 1803K, committed 1920K, reserved 1048576K
Event: 2.151 GC heap after
Heap after GC invocations=4 (full 0):
 PSYoungGen      total 37888K, used 5106K [0x00000000d5580000, 0x00000000d9f80000, 0x0000000100000000)
  eden space 32768K, 0% used [0x00000000d5580000,0x00000000d5580000,0x00000000d7580000)
  from space 5120K, 99% used [0x00000000d7a80000,0x00000000d7f7c9d0,0x00000000d7f80000)
  to   space 5120K, 0% used [0x00000000d7580000,0x00000000d7580000,0x00000000d7a80000)
 ParOldGen       total 86016K, used 3478K [0x0000000080000000, 0x0000000085400000, 0x00000000d5580000)
  object space 86016K, 4% used [0x0000000080000000,0x00000000803659f8,0x0000000085400000)
 Metaspace       used 15869K, capacity 16026K, committed 16256K, reserved 1062912K
  class space    used 1726K, capacity 1803K, committed 1920K, reserved 1048576K
}
Event: 2.540 GC heap before
{Heap before GC invocations=5 (full 0):
 PSYoungGen      total 37888K, used 37874K [0x00000000d5580000, 0x00000000d9f80000, 0x0000000100000000)
  eden space 32768K, 100% used [0x00000000d5580000,0x00000000d7580000,0x00000000d7580000)
  from space 5120K, 99% used [0x00000000d7a80000,0x00000000d7f7c9d0,0x00000000d7f80000)
  to   space 5120K, 0% used [0x00000000d7580000,0x00000000d7580000,0x00000000d7a80000)
 ParOldGen       total 86016K, used 3478K [0x0000000080000000, 0x0000000085400000, 0x00000000d5580000)
  object space 86016K, 4% used [0x0000000080000000,0x00000000803659f8,0x0000000085400000)
 Metaspace       used 18591K, capacity 18834K, committed 19200K, reserved 1067008K
  class space    used 2094K, capacity 2184K, committed 2304K, reserved 1048576K
Event: 2.546 GC heap after
Heap after GC invocations=5 (full 0):
 PSYoungGen      total 37888K, used 5106K [0x00000000d5580000, 0x00000000da780000, 0x0000000100000000)
  eden space 32768K, 0% used [0x00000000d5580000,0x00000000d5580000,0x00000000d7580000)
  from space 5120K, 99% used [0x00000000d7580000,0x00000000d7a7c9f0,0x00000000d7a80000)
  to   space 9216K, 0% used [0x00000000d9e80000,0x00000000d9e80000,0x00000000da780000)
 ParOldGen       total 86016K, used 6295K [0x0000000080000000, 0x0000000085400000, 0x00000000d5580000)
  object space 86016K, 7% used [0x0000000080000000,0x0000000080625da0,0x0000000085400000)
 Metaspace       used 18591K, capacity 18834K, committed 19200K, reserved 1067008K
  class space    used 2094K, capacity 2184K, committed 2304K, reserved 1048576K
}
Event: 2.950 GC heap before
{Heap before GC invocations=6 (full 0):
 PSYoungGen      total 37888K, used 37874K [0x00000000d5580000, 0x00000000da780000, 0x0000000100000000)
  eden space 32768K, 100% used [0x00000000d5580000,0x00000000d7580000,0x00000000d7580000)
  from space 5120K, 99% used [0x00000000d7580000,0x00000000d7a7c9f0,0x00000000d7a80000)
  to   space 9216K, 0% used [0x00000000d9e80000,0x00000000d9e80000,0x00000000da780000)
 ParOldGen       total 86016K, used 6295K [0x0000000080000000, 0x0000000085400000, 0x00000000d5580000)
  object space 86016K, 7% used [0x0000000080000000,0x0000000080625da0,0x0000000085400000)
 Metaspace       used 20234K, capacity 20490K, committed 20864K, reserved 1067008K
  class space    used 2266K, capacity 2370K, committed 2432K, reserved 1048576K
Event: 2.957 GC heap after
Heap after GC invocations=6 (full 0):
 PSYoungGen      total 74240K, used 8124K [0x00000000d5580000, 0x00000000da880000, 0x0000000100000000)
  eden space 65024K, 0% used [0x00000000d5580000,0x00000000d5580000,0x00000000d9500000)
  from space 9216K, 88% used [0x00000000d9e80000,0x00000000da66f2e8,0x00000000da780000)
  to   space 9728K, 0% used [0x00000000d9500000,0x00000000d9500000,0x00000000d9e80000)
 ParOldGen       total 86016K, used 6303K [0x0000000080000000, 0x0000000085400000, 0x00000000d5580000)
  object space 86016K, 7% used [0x0000000080000000,0x0000000080627da0,0x0000000085400000)
 Metaspace       used 20234K, capacity 20490K, committed 20864K, reserved 1067008K
  class space    used 2266K, capacity 2370K, committed 2432K, reserved 1048576K
}
Event: 3.235 GC heap before
{Heap before GC invocations=7 (full 0):
 PSYoungGen      total 74240K, used 71489K [0x00000000d5580000, 0x00000000da880000, 0x0000000100000000)
  eden space 65024K, 97% used [0x00000000d5580000,0x00000000d9361498,0x00000000d9500000)
  from space 9216K, 88% used [0x00000000d9e80000,0x00000000da66f2e8,0x00000000da780000)
  to   space 9728K, 0% used [0x00000000d9500000,0x00000000d9500000,0x00000000d9e80000)
 ParOldGen       total 86016K, used 6303K [0x0000000080000000, 0x0000000085400000, 0x00000000d5580000)
  object space 86016K, 7% used [0x0000000080000000,0x0000000080627da0,0x0000000085400000)
 Metaspace       used 20905K, capacity 21120K, committed 21296K, reserved 1069056K
  class space    used 2312K, capacity 2408K, committed 2432K, reserved 1048576K
Event: 3.248 GC heap after
Heap after GC invocations=7 (full 0):
 PSYoungGen      total 74752K, used 8218K [0x00000000d5580000, 0x00000000de880000, 0x0000000100000000)
  eden space 65024K, 0% used [0x00000000d5580000,0x00000000d5580000,0x00000000d9500000)
  from space 9728K, 84% used [0x00000000d9500000,0x00000000d9d06bb8,0x00000000d9e80000)
  to   space 10240K, 0% used [0x00000000dde80000,0x00000000dde80000,0x00000000de880000)
 ParOldGen       total 86016K, used 8922K [0x0000000080000000, 0x0000000085400000, 0x00000000d5580000)
  object space 86016K, 10% used [0x0000000080000000,0x00000000808b6b70,0x0000000085400000)
 Metaspace       used 20905K, capacity 21120K, committed 21296K, reserved 1069056K
  class space    used 2312K, capacity 2408K, committed 2432K, reserved 1048576K
}
Event: 3.248 GC heap before
{Heap before GC invocations=8 (full 1):
 PSYoungGen      total 74752K, used 8218K [0x00000000d5580000, 0x00000000de880000, 0x0000000100000000)
  eden space 65024K, 0% used [0x00000000d5580000,0x00000000d5580000,0x00000000d9500000)
  from space 9728K, 84% used [0x00000000d9500000,0x00000000d9d06bb8,0x00000000d9e80000)
  to   space 10240K, 0% used [0x00000000dde80000,0x00000000dde80000,0x00000000de880000)
 ParOldGen       total 86016K, used 8922K [0x0000000080000000, 0x0000000085400000, 0x00000000d5580000)
  object space 86016K, 10% used [0x0000000080000000,0x00000000808b6b70,0x0000000085400000)
 Metaspace       used 20905K, capacity 21120K, committed 21296K, reserved 1069056K
  class space    used 2312K, capacity 2408K, committed 2432K, reserved 1048576K
Event: 3.309 GC heap after
Heap after GC invocations=8 (full 1):
 PSYoungGen      total 74752K, used 0K [0x00000000d5580000, 0x00000000de880000, 0x0000000100000000)
  eden space 65024K, 0% used [0x00000000d5580000,0x00000000d5580000,0x00000000d9500000)
  from space 9728K, 0% used [0x00000000d9500000,0x00000000d9500000,0x00000000d9e80000)
  to   space 10240K, 0% used [0x00000000dde80000,0x00000000dde80000,0x00000000de880000)
 ParOldGen       total 66560K, used 13172K [0x0000000080000000, 0x0000000084100000, 0x00000000d5580000)
  object space 66560K, 19% used [0x0000000080000000,0x0000000080cdd308,0x0000000084100000)
 Metaspace       used 20905K, capacity 21120K, committed 21296K, reserved 1069056K
  class space    used 2312K, capacity 2408K, committed 2432K, reserved 1048576K
}

Deoptimization events (10 events):
Event: 2.628 Thread 0x00000000027e6000 Uncommon trap: reason=unstable_if action=reinterpret pc=0x0000000002b5b8d0 method=java.io.WinNTFileSystem.normalize(Ljava/lang/String;II)Ljava/lang/String; @ 8
Event: 2.711 Thread 0x00000000027e6000 Uncommon trap: reason=predicate action=maybe_recompile pc=0x0000000002ef9820 method=java.lang.String.regionMatches(ZILjava/lang/String;II)Z @ 63
Event: 2.889 Thread 0x00000000027e6000 Uncommon trap: reason=unstable_if action=reinterpret pc=0x0000000002ebf000 method=java.lang.Class$MethodArray.addIfNotPresent(Ljava/lang/reflect/Method;)V @ 19
Event: 2.935 Thread 0x00000000027e6000 Uncommon trap: reason=unstable_if action=reinterpret pc=0x0000000002ae47a0 method=java.io.WinNTFileSystem.isLetter(C)Z @ 3
Event: 2.935 Thread 0x00000000027e6000 Uncommon trap: reason=unstable_if action=reinterpret pc=0x0000000002f2a4ac method=java.io.WinNTFileSystem.isLetter(C)Z @ 3
Event: 3.313 Thread 0x00000000027e6000 Uncommon trap: reason=null_check action=make_not_entrant pc=0x0000000002f3de98 method=org.codehaus.groovy.reflection.ClassInfo.getLocalClassInfoMap()Lorg/codehaus/groovy/reflection/ClassInfo$LocalMap; @ 6
Event: 3.358 Thread 0x00000000027e6000 Uncommon trap: reason=unstable_if action=reinterpret pc=0x0000000002c5ae60 method=java.util.HashMap.getNode(ILjava/lang/Object;)Ljava/util/HashMap$Node; @ 129
Event: 3.358 Thread 0x00000000027e6000 Uncommon trap: reason=class_check action=maybe_recompile pc=0x0000000002c94c48 method=java.util.HashMap.putVal(ILjava/lang/Object;Ljava/lang/Object;ZZ)Ljava/lang/Object; @ 203
Event: 3.358 Thread 0x00000000027e6000 Uncommon trap: reason=unstable_if action=reinterpret pc=0x0000000002c5c9d0 method=java.util.HashMap.getNode(ILjava/lang/Object;)Ljava/util/HashMap$Node; @ 129
Event: 3.358 Thread 0x00000000027e6000 Uncommon trap: reason=class_check action=maybe_recompile pc=0x0000000002c94c48 method=java.util.HashMap.putVal(ILjava/lang/Object;Ljava/lang/Object;ZZ)Ljava/lang/Object; @ 203

Classes redefined (0 events):
No events

Internal exceptions (10 events):
Event: 3.205 Thread 0x00000000027e6000 Exception <a 'java/lang/ClassNotFoundException': java/io/InputStreamCustomizer> (0x00000000d900b618) thrown at [C:\re\workspace\8-2-build-windows-amd64-cygwin\jdk8u181\11358\hotspot\src\share\vm\classfile\systemDictionary.cpp, line 210]
Event: 3.206 Thread 0x00000000027e6000 Exception <a 'java/lang/ClassNotFoundException': java/io/FileInputStreamCustomizer> (0x00000000d9038f20) thrown at [C:\re\workspace\8-2-build-windows-amd64-cygwin\jdk8u181\11358\hotspot\src\share\vm\classfile\systemDictionary.cpp, line 210]
Event: 3.313 Thread 0x00000000027e6000 Implicit null exception at 0x0000000002f3c772 to 0x0000000002f3de65
Event: 3.345 Thread 0x00000000027e6000 Exception <a 'java/lang/ClassNotFoundException': org/apache/poi/xssf/usermodel/XSSFWorkbookBeanInfo> (0x00000000d5828458) thrown at [C:\re\workspace\8-2-build-windows-amd64-cygwin\jdk8u181\11358\hotspot\src\share\vm\classfile\systemDictionary.cpp, line 21
Event: 3.346 Thread 0x00000000027e6000 Exception <a 'java/lang/ClassNotFoundException': org/apache/poi/POIXMLDocumentBeanInfo> (0x00000000d5862db0) thrown at [C:\re\workspace\8-2-build-windows-amd64-cygwin\jdk8u181\11358\hotspot\src\share\vm\classfile\systemDictionary.cpp, line 210]
Event: 3.348 Thread 0x00000000027e6000 Exception <a 'java/lang/ClassNotFoundException': org/apache/poi/POIXMLDocumentPartBeanInfo> (0x00000000d589fc20) thrown at [C:\re\workspace\8-2-build-windows-amd64-cygwin\jdk8u181\11358\hotspot\src\share\vm\classfile\systemDictionary.cpp, line 210]
Event: 3.349 Thread 0x00000000027e6000 Exception <a 'java/lang/ClassNotFoundException': org/apache/poi/POIXMLDocumentPartCustomizer> (0x00000000d58dfb98) thrown at [C:\re\workspace\8-2-build-windows-amd64-cygwin\jdk8u181\11358\hotspot\src\share\vm\classfile\systemDictionary.cpp, line 210]
Event: 3.350 Thread 0x00000000027e6000 Exception <a 'java/lang/ClassNotFoundException': org/apache/poi/POIXMLDocumentCustomizer> (0x00000000d5926b98) thrown at [C:\re\workspace\8-2-build-windows-amd64-cygwin\jdk8u181\11358\hotspot\src\share\vm\classfile\systemDictionary.cpp, line 210]
Event: 3.352 Thread 0x00000000027e6000 Exception <a 'java/lang/ClassNotFoundException': org/apache/poi/xssf/usermodel/XSSFWorkbookCustomizer> (0x00000000d5976868) thrown at [C:\re\workspace\8-2-build-windows-amd64-cygwin\jdk8u181\11358\hotspot\src\share\vm\classfile\systemDictionary.cpp, line 
Event: 3.422 Thread 0x00000000027e6000 Exception <a 'java/lang/ClassCastException': com.sun.org.apache.xerces.internal.util.SecurityManager cannot be cast to org.apache.xerces.util.SecurityManager> (0x00000000d5e0f1b0) thrown at [C:\re\workspace\8-2-build-windows-amd64-cygwin\jdk8u181\11358\ho

Events (10 events):
Event: 3.513 loading class org/apache/poi/xssf/model/CommentsTable
Event: 3.513 loading class org/apache/poi/xssf/model/CommentsTable done
Event: 3.513 loading class org/apache/poi/xssf/usermodel/XSSFVBAPart
Event: 3.513 loading class org/apache/poi/xssf/usermodel/XSSFVBAPart done
Event: 3.514 loading class org/apache/poi/xssf/usermodel/XSSFPivotCacheDefinition
Event: 3.514 loading class org/apache/poi/xssf/usermodel/XSSFPivotCacheDefinition done
Event: 3.514 loading class org/apache/poi/xssf/usermodel/XSSFPivotCacheRecords
Event: 3.514 loading class org/apache/poi/xssf/usermodel/XSSFPivotCacheRecords done
Event: 3.516 loading class org/apache/poi/xssf/usermodel/XSSFPivotTable$PivotTableReferenceConfigurator
Event: 3.516 loading class org/apache/poi/xssf/usermodel/XSSFPivotTable$PivotTableReferenceConfigurator done


Dynamic libraries:
0x00007ff615f20000 - 0x00007ff615f57000 	C:\Users\aravind.y\Downloads\Katalon_Studio_Windows_64-7.6.2\Katalon_Studio_Windows_64-7.6.2\jre\bin\javaw.exe
0x00007ffe17a40000 - 0x00007ffe17c30000 	C:\Windows\SYSTEM32\ntdll.dll
0x00007ffe16900000 - 0x00007ffe169b2000 	C:\Windows\System32\KERNEL32.DLL
0x00007ffe149f0000 - 0x00007ffe14c95000 	C:\Windows\System32\KERNELBASE.dll
0x0000000062250000 - 0x00000000622e3000 	C:\Windows\System32\SYSFER.DLL
0x00007ffe15af0000 - 0x00007ffe15b93000 	C:\Windows\System32\ADVAPI32.dll
0x00007ffe16260000 - 0x00007ffe162fe000 	C:\Windows\System32\msvcrt.dll
0x00007ffe15e00000 - 0x00007ffe15e97000 	C:\Windows\System32\sechost.dll
0x00007ffe16300000 - 0x00007ffe1641f000 	C:\Windows\System32\RPCRT4.dll
0x00007ffe160c0000 - 0x00007ffe16254000 	C:\Windows\System32\USER32.dll
0x00007ffe154b0000 - 0x00007ffe154d1000 	C:\Windows\System32\win32u.dll
0x00007ffe169c0000 - 0x00007ffe169e6000 	C:\Windows\System32\GDI32.dll
0x00007ffe154e0000 - 0x00007ffe15678000 	C:\Windows\System32\gdi32full.dll
0x00007ffe15680000 - 0x00007ffe1571e000 	C:\Windows\System32\msvcp_win.dll
0x00007ffe159f0000 - 0x00007ffe15aea000 	C:\Windows\System32\ucrtbase.dll
0x00007ffdff400000 - 0x00007ffdff684000 	C:\Windows\WinSxS\amd64_microsoft.windows.common-controls_6595b64144ccf1df_6.0.18362.1379_none_9e7ff3b3e45cc0c4\COMCTL32.dll
0x00007ffe16f60000 - 0x00007ffe17297000 	C:\Windows\System32\combase.dll
0x00007ffe15420000 - 0x00007ffe154a1000 	C:\Windows\System32\bcryptPrimitives.dll
0x00007ffe168d0000 - 0x00007ffe168fe000 	C:\Windows\System32\IMM32.DLL
0x0000000060f80000 - 0x0000000061052000 	C:\Users\aravind.y\Downloads\Katalon_Studio_Windows_64-7.6.2\Katalon_Studio_Windows_64-7.6.2\jre\bin\msvcr100.dll
0x0000000061130000 - 0x00000000619d2000 	C:\Users\aravind.y\Downloads\Katalon_Studio_Windows_64-7.6.2\Katalon_Studio_Windows_64-7.6.2\jre\bin\server\jvm.dll
0x00007ffe16f30000 - 0x00007ffe16f38000 	C:\Windows\System32\PSAPI.DLL
0x00007ffdfb760000 - 0x00007ffdfb769000 	C:\Windows\SYSTEM32\WSOCK32.dll
0x00007ffe16560000 - 0x00007ffe165cf000 	C:\Windows\System32\WS2_32.dll
0x00007ffe0f7d0000 - 0x00007ffe0f7f4000 	C:\Windows\SYSTEM32\WINMM.dll
0x00007ffe0a560000 - 0x00007ffe0a56a000 	C:\Windows\SYSTEM32\VERSION.dll
0x00007ffe0f7a0000 - 0x00007ffe0f7cd000 	C:\Windows\SYSTEM32\WINMMBASE.dll
0x00007ffe159a0000 - 0x00007ffe159ea000 	C:\Windows\System32\cfgmgr32.dll
0x0000000061bb0000 - 0x0000000061bbf000 	C:\Users\aravind.y\Downloads\Katalon_Studio_Windows_64-7.6.2\Katalon_Studio_Windows_64-7.6.2\jre\bin\verify.dll
0x0000000061b80000 - 0x0000000061ba9000 	C:\Users\aravind.y\Downloads\Katalon_Studio_Windows_64-7.6.2\Katalon_Studio_Windows_64-7.6.2\jre\bin\java.dll
0x0000000061b60000 - 0x0000000061b76000 	C:\Users\aravind.y\Downloads\Katalon_Studio_Windows_64-7.6.2\Katalon_Studio_Windows_64-7.6.2\jre\bin\zip.dll
0x00007ffe172a0000 - 0x00007ffe17988000 	C:\Windows\System32\SHELL32.dll
0x00007ffe15ba0000 - 0x00007ffe15c47000 	C:\Windows\System32\shcore.dll
0x00007ffe14ca0000 - 0x00007ffe1541b000 	C:\Windows\System32\windows.storage.dll
0x00007ffe14990000 - 0x00007ffe149b3000 	C:\Windows\System32\profapi.dll
0x00007ffe14940000 - 0x00007ffe1498a000 	C:\Windows\System32\powrprof.dll
0x00007ffe148f0000 - 0x00007ffe14900000 	C:\Windows\System32\UMPDC.dll
0x00007ffe16500000 - 0x00007ffe16552000 	C:\Windows\System32\shlwapi.dll
0x00007ffe14900000 - 0x00007ffe14911000 	C:\Windows\System32\kernel.appcore.dll
0x00007ffe15870000 - 0x00007ffe15887000 	C:\Windows\System32\cryptsp.dll
0x0000000061b40000 - 0x0000000061b5a000 	C:\Users\aravind.y\Downloads\Katalon_Studio_Windows_64-7.6.2\Katalon_Studio_Windows_64-7.6.2\jre\bin\net.dll
0x00007ffe140d0000 - 0x00007ffe14137000 	C:\Windows\system32\mswsock.dll
0x0000000061b20000 - 0x0000000061b31000 	C:\Users\aravind.y\Downloads\Katalon_Studio_Windows_64-7.6.2\Katalon_Studio_Windows_64-7.6.2\jre\bin\nio.dll

VM Arguments:
jvm_args: -Dgroovy.home=/C:/Users/aravind.y/Downloads/Katalon_Studio_Windows_64-7.6.2/Katalon_Studio_Windows_64-7.6.2/plugins/org.codehaus.groovy_2.4.7.xx-201611170128-e46/ -Xmx2048m -Dfile.encoding=UTF-8 
java_command: org.codehaus.groovy.tools.GroovyStarter --classpath C:\Users\aravind.y\Katalon Studio\IVR to SMS\Include\scripts\groovy;C:\Users\aravind.y\Katalon Studio\IVR to SMS\Keywords;C:\Users\aravind.y\Katalon Studio\IVR to SMS\Libs;C:\Users\aravind.y\Katalon Studio\IVR to SMS\Test Listeners;C:\Users\aravind.y\Downloads\Katalon_Studio_Windows_64-7.6.2\Katalon_Studio_Windows_64-7.6.2\configuration\plugin\install\38138\1.0.2\katalon-dbms-keywords.jar;C:\Users\aravind.y\Downloads\Katalon_Studio_Windows_64-7.6.2\Katalon_Studio_Windows_64-7.6.2\configuration\plugin\install\40136\1.2.0\Katalon Gmail.jar;C:\Users\aravind.y\Downloads\Katalon_Studio_Windows_64-7.6.2\Katalon_Studio_Windows_64-7.6.2\configuration\plugin\install\97936\1.0.8\katalon-studio-basic-report-plugin.jar;C:\Users\aravind.y\Downloads\Katalon_Studio_Windows_64-7.6.2\Katalon_Studio_Windows_64-7.6.2\configuration\plugin\install\97938\1.0.2\ExcelKeywords.jar;C:\Users\aravind.y\Downloads\Katalon_Studio_Windows_64-7.6.2\Katalon_Studio_Windows_64-7.6.2\configuration\resources\lib\aalto-xml-1.0.0.jar;C:\Users\aravind.y\Downloads\Katalon_Studio_Windows_64-7.6.2\Katalon_Studio_Windows_64-7.6.2\configuration\resources\lib\aspectjweaver-1.9.1.jar;C:\Users\aravind.y\Downloads\Katalon_Studio_Windows_64-7.6.2\Katalon_Studio_Windows_64-7.6.2\configuration\resources\lib\bcpkix-jdk15on-1.58.jar;C:\Users\aravind.y\Downloads\Katalon_Studio_Windows_64-7.6.2\Katalon_Studio_Windows_64-7.6.2\configuration\resources\lib\bcprov-jdk15on-1.58.jar;C:\Users\aravind.y\Downloads\Katalon_Studio_Windows_64-7.6.2\Katalon_Studio_Windows_64-7.6.2\configuration\resources\lib\browsermob-core-2.1.5.jar;C:\Users\aravind.y\Downloads\Katalon_Studio_Windows_64-7.6.2\Katalon_Studio_Windows_64-7.6.2\configuration\resources\lib\cglib-3.2.10.jar;C:\Users\aravind.y\Downloads\Katalon_Studio_Windows_64-7.6.2\Katalon_Studio_Windows_64-7.6.2\configuration\resources\lib\commons-codec-1.10.jar;C:\Users\aravind.y\Downloads\Katalon_Studio_Windows_64-7.6
java_class_path (initial): C:\Users\aravind.y\Katalon Studio\IVR to SMS\bin\keyword;C:\Users\aravind.y\Katalon Studio\IVR to SMS\bin\listener;C:\Users\aravind.y\Katalon Studio\IVR to SMS\bin\lib;C:\Users\aravind.y\Katalon Studio\IVR to SMS\bin\groovy;C:\Users\aravind.y\Katalon Studio\IVR to SMS\bin;C:\Users\aravind.y\Downloads\Katalon_Studio_Windows_64-7.6.2\Katalon_Studio_Windows_64-7.6.2\plugins\com.kms.katalon.core_1.0.0.202007270815.jar;C:\Users\aravind.y\Downloads\Katalon_Studio_Windows_64-7.6.2\Katalon_Studio_Windows_64-7.6.2\configuration\resources\lib\aalto-xml-1.0.0.jar;C:\Users\aravind.y\Downloads\Katalon_Studio_Windows_64-7.6.2\Katalon_Studio_Windows_64-7.6.2\configuration\resources\lib\aspectjweaver-1.9.1.jar;C:\Users\aravind.y\Downloads\Katalon_Studio_Windows_64-7.6.2\Katalon_Studio_Windows_64-7.6.2\configuration\resources\lib\bcpkix-jdk15on-1.58.jar;C:\Users\aravind.y\Downloads\Katalon_Studio_Windows_64-7.6.2\Katalon_Studio_Windows_64-7.6.2\configuration\resources\lib\bcprov-jdk15on-1.58.jar;C:\Users\aravind.y\Downloads\Katalon_Studio_Windows_64-7.6.2\Katalon_Studio_Windows_64-7.6.2\configuration\resources\lib\browsermob-core-2.1.5.jar;C:\Users\aravind.y\Downloads\Katalon_Studio_Windows_64-7.6.2\Katalon_Studio_Windows_64-7.6.2\configuration\resources\lib\cglib-3.2.10.jar;C:\Users\aravind.y\Downloads\Katalon_Studio_Windows_64-7.6.2\Katalon_Studio_Windows_64-7.6.2\configuration\resources\lib\commons-codec-1.10.jar;C:\Users\aravind.y\Downloads\Katalon_Studio_Windows_64-7.6.2\Katalon_Studio_Windows_64-7.6.2\configuration\resources\lib\commons-collections4-4.1.jar;C:\Users\aravind.y\Downloads\Katalon_Studio_Windows_64-7.6.2\Katalon_Studio_Windows_64-7.6.2\configuration\resources\lib\commons-validator-1.6.jar;C:\Users\aravind.y\Downloads\Katalon_Studio_Windows_64-7.6.2\Katalon_Studio_Windows_64-7.6.2\configuration\resources\lib\curvesapi-1.04.jar;C:\Users\aravind.y\Downloads\Katalon_Studio_Windows_64-7.6.2\Katalon_Studio_Windows_64-7.6.2\configuration\reso
Launcher Type: SUN_STANDARD

Environment Variables:
PATH=C:/Users/aravind.y/Downloads/Katalon_Studio_Windows_64-7.6.2/Katalon_Studio_Windows_64-7.6.2/jre/bin/server;C:/Users/aravind.y/Downloads/Katalon_Studio_Windows_64-7.6.2/Katalon_Studio_Windows_64-7.6.2/jre/bin;C:/Users/aravind.y/Downloads/Katalon_Studio_Windows_64-7.6.2/Katalon_Studio_Windows_64-7.6.2/jre/lib/amd64;C:\Windows\system32;C:\Windows;C:\Windows\System32\Wbem;C:\Windows\System32\WindowsPowerShell\v1.0\;C:\Windows\System32\OpenSSH\;C:\Users\aravind.y\AppData\Local\Microsoft\WindowsApps;;C:\Users\aravind.y\Downloads\Katalon_Studio_Windows_64-7.6.2\Katalon_Studio_Windows_64-7.6.2;
USERNAME=aravind.y
OS=Windows_NT
PROCESSOR_IDENTIFIER=Intel64 Family 6 Model 142 Stepping 10, GenuineIntel



---------------  S Y S T E M  ---------------

OS: Windows 10.0 , 64 bit Build 18362 (10.0.18362.1350)

CPU:total 8 (initial active 8) (4 cores per cpu, 2 threads per core) family 6 model 142 stepping 10, cmov, cx8, fxsr, mmx, sse, sse2, sse3, ssse3, sse4.1, sse4.2, popcnt, avx, avx2, aes, clmul, erms, rtm, 3dnowpref, lzcnt, ht, tsc, tscinvbit, bmi1, bmi2, adx

Memory: 4k page, physical 8244756k(350268k free), swap 22818192k(5604k free)

vm_info: Java HotSpot(TM) 64-Bit Server VM (25.181-b13) for windows-amd64 JRE (1.8.0_181-b13), built on Jul  7 2018 04:01:33 by "java_re" with MS VC++ 10.0 (VS2010)

time: Tue Jun 01 10:05:15 2021
elapsed time: 3 seconds (0d 0h 0m 3s)

