#
# There is insufficient memory for the Java Runtime Environment to continue.
# Native memory allocation (malloc) failed to allocate 32744 bytes for ChunkPool::allocate
# Possible reasons:
#   The system is out of physical RAM or swap space
#   In 32 bit mode, the process size limit was hit
# Possible solutions:
#   Reduce memory load on the system
#   Increase physical memory or swap space
#   Check if swap backing store is full
#   Use 64 bit Java on a 64 bit OS
#   Decrease Java heap size (-Xmx/-Xms)
#   Decrease number of Java threads
#   Decrease Java thread stack sizes (-Xss)
#   Set larger code cache with -XX:ReservedCodeCacheSize=
# This output file may be truncated or incomplete.
#
#  Out of Memory Error (allocation.cpp:273), pid=44744, tid=0x0000000000008f7c
#
# JRE version: Java(TM) SE Runtime Environment (8.0_181-b13) (build 1.8.0_181-b13)
# Java VM: Java HotSpot(TM) 64-Bit Server VM (25.181-b13 mixed mode windows-amd64 compressed oops)
# Failed to write core dump. Minidumps are not enabled by default on client versions of Windows
#

---------------  T H R E A D  ---------------

Current thread (0x000000001a099800):  JavaThread "C2 CompilerThread1" daemon [_thread_in_native, id=36732, stack(0x000000001aa50000,0x000000001ab50000)]

Stack: [0x000000001aa50000,0x000000001ab50000]
[error occurred during error reporting (printing stack bounds), id 0xc0000005]

Native frames: (J=compiled Java code, j=interpreted, Vv=VM code, C=native code)


Current CompileTask:
C2:   2678 1802       4       groovyjarjarantlr.LLkParser::LA (12 bytes)


---------------  P R O C E S S  ---------------

Java Threads: ( => current thread )
  0x000000001a14a000 JavaThread "Service Thread" daemon [_thread_blocked, id=12864, stack(0x000000001ae50000,0x000000001af50000)]
  0x000000001a0b8000 JavaThread "C1 CompilerThread3" daemon [_thread_in_native, id=42468, stack(0x000000001ad50000,0x000000001ae50000)]
  0x000000001a0af000 JavaThread "C2 CompilerThread2" daemon [_thread_in_native, id=11048, stack(0x000000001ab50000,0x000000001ac50000)]
=>0x000000001a099800 JavaThread "C2 CompilerThread1" daemon [_thread_in_native, id=36732, stack(0x000000001aa50000,0x000000001ab50000)]
  0x000000001a091800 JavaThread "C2 CompilerThread0" daemon [_thread_in_native, id=40416, stack(0x000000001a950000,0x000000001aa50000)]
  0x000000001a0a3800 JavaThread "Attach Listener" daemon [_thread_blocked, id=37400, stack(0x000000001a850000,0x000000001a950000)]
  0x000000001a0a2800 JavaThread "Signal Dispatcher" daemon [_thread_blocked, id=35368, stack(0x000000001a750000,0x000000001a850000)]
  0x000000001a077000 JavaThread "Finalizer" daemon [_thread_blocked, id=46060, stack(0x000000001a550000,0x000000001a650000)]
  0x000000001a070800 JavaThread "Reference Handler" daemon [_thread_blocked, id=46344, stack(0x000000001a450000,0x000000001a550000)]
  0x0000000003126000 JavaThread "main" [_thread_in_native, id=42432, stack(0x0000000003010000,0x0000000003110000)]

Other Threads:
  0x0000000018283000 VMThread [stack: 0x0000000019f50000,0x000000001a050000] [id=42320]
  0x000000001a174000 WatcherThread [stack: 0x000000001af50000,0x000000001b050000] [id=42244]

VM state:not at safepoint (normal execution)

VM Mutex/Monitor currently owned by a thread: None

Heap:
 PSYoungGen      total 37888K, used 37858K [0x00000000d5580000, 0x00000000d7f80000, 0x0000000100000000)
  eden space 32768K, 100% used [0x00000000d5580000,0x00000000d7580000,0x00000000d7580000)
  from space 5120K, 99% used [0x00000000d7580000,0x00000000d7a78920,0x00000000d7a80000)
  to   space 5120K, 0% used [0x00000000d7a80000,0x00000000d7a80000,0x00000000d7f80000)
 ParOldGen       total 86016K, used 6477K [0x0000000080000000, 0x0000000085400000, 0x00000000d5580000)
  object space 86016K, 7% used [0x0000000080000000,0x00000000806536a8,0x0000000085400000)
 Metaspace       used 20266K, capacity 20554K, committed 20864K, reserved 1067008K
  class space    used 2270K, capacity 2370K, committed 2432K, reserved 1048576K

Card table byte_map: [0x00000000125d0000,0x00000000129e0000] byte_map_base: 0x00000000121d0000

Marking Bits: (ParMarkBitMap*) 0x0000000061952d00
 Begin Bits: [0x0000000013490000, 0x0000000015490000)
 End Bits:   [0x0000000015490000, 0x0000000017490000)

Polling page: 0x0000000002ec0000

CodeCache: size=245760Kb used=7394Kb max_used=7406Kb free=238365Kb
 bounds [0x0000000003210000, 0x0000000003950000, 0x0000000012210000]
 total_blobs=2410 nmethods=1779 adapters=543
 compilation: enabled

Compilation events (10 events):
Event: 2.658 Thread 0x000000001a0b8000 1786       3       jdk.internal.org.objectweb.asm.ClassWriter::newNameTypeItem (71 bytes)
Event: 2.659 Thread 0x000000001a0b8000 nmethod 1786 0x000000000394a350 code [0x000000000394a540, 0x000000000394aa78]
Event: 2.660 Thread 0x000000001a0b8000 1787       3       java.util.regex.Pattern::next (33 bytes)
Event: 2.660 Thread 0x000000001a0b8000 nmethod 1787 0x000000000394ad50 code [0x000000000394aec0, 0x000000000394b188]
Event: 2.662 Thread 0x000000001a0b8000 1788       3       java.util.AbstractCollection::isEmpty (13 bytes)
Event: 2.662 Thread 0x000000001a0b8000 nmethod 1788 0x000000000394b2d0 code [0x000000000394b440, 0x000000000394b6a8]
Event: 2.662 Thread 0x000000001a0b8000 1789   !   3       org.codehaus.groovy.antlr.parser.GroovyLexer::nextToken (2683 bytes)
Event: 2.662 Thread 0x000000001a099800 1800       4       groovyjarjarantlr.collections.impl.BitSet::member (38 bytes)
Event: 2.663 Thread 0x000000001a099800 nmethod 1800 0x000000000394e410 code [0x000000000394e540, 0x000000000394e618]
Event: 2.663 Thread 0x000000001a099800 1802       4       groovyjarjarantlr.LLkParser::LA (12 bytes)

GC Heap History (10 events):
Event: 0.710 GC heap before
{Heap before GC invocations=1 (full 0):
 PSYoungGen      total 37888K, used 32768K [0x00000000d5580000, 0x00000000d7f80000, 0x0000000100000000)
  eden space 32768K, 100% used [0x00000000d5580000,0x00000000d7580000,0x00000000d7580000)
  from space 5120K, 0% used [0x00000000d7a80000,0x00000000d7a80000,0x00000000d7f80000)
  to   space 5120K, 0% used [0x00000000d7580000,0x00000000d7580000,0x00000000d7a80000)
 ParOldGen       total 86016K, used 0K [0x0000000080000000, 0x0000000085400000, 0x00000000d5580000)
  object space 86016K, 0% used [0x0000000080000000,0x0000000080000000,0x0000000085400000)
 Metaspace       used 6078K, capacity 6336K, committed 6656K, reserved 1056768K
  class space    used 634K, capacity 688K, committed 768K, reserved 1048576K
Event: 0.714 GC heap after
Heap after GC invocations=1 (full 0):
 PSYoungGen      total 37888K, used 4924K [0x00000000d5580000, 0x00000000d7f80000, 0x0000000100000000)
  eden space 32768K, 0% used [0x00000000d5580000,0x00000000d5580000,0x00000000d7580000)
  from space 5120K, 96% used [0x00000000d7580000,0x00000000d7a4f088,0x00000000d7a80000)
  to   space 5120K, 0% used [0x00000000d7a80000,0x00000000d7a80000,0x00000000d7f80000)
 ParOldGen       total 86016K, used 8K [0x0000000080000000, 0x0000000085400000, 0x00000000d5580000)
  object space 86016K, 0% used [0x0000000080000000,0x0000000080002000,0x0000000085400000)
 Metaspace       used 6078K, capacity 6336K, committed 6656K, reserved 1056768K
  class space    used 634K, capacity 688K, committed 768K, reserved 1048576K
}
Event: 1.085 GC heap before
{Heap before GC invocations=2 (full 0):
 PSYoungGen      total 37888K, used 37692K [0x00000000d5580000, 0x00000000d7f80000, 0x0000000100000000)
  eden space 32768K, 100% used [0x00000000d5580000,0x00000000d7580000,0x00000000d7580000)
  from space 5120K, 96% used [0x00000000d7580000,0x00000000d7a4f088,0x00000000d7a80000)
  to   space 5120K, 0% used [0x00000000d7a80000,0x00000000d7a80000,0x00000000d7f80000)
 ParOldGen       total 86016K, used 8K [0x0000000080000000, 0x0000000085400000, 0x00000000d5580000)
  object space 86016K, 0% used [0x0000000080000000,0x0000000080002000,0x0000000085400000)
 Metaspace       used 9952K, capacity 10038K, committed 10240K, reserved 1058816K
  class space    used 1118K, capacity 1169K, committed 1280K, reserved 1048576K
Event: 1.089 GC heap after
Heap after GC invocations=2 (full 0):
 PSYoungGen      total 37888K, used 5098K [0x00000000d5580000, 0x00000000d7f80000, 0x0000000100000000)
  eden space 32768K, 0% used [0x00000000d5580000,0x00000000d5580000,0x00000000d7580000)
  from space 5120K, 99% used [0x00000000d7a80000,0x00000000d7f7aa98,0x00000000d7f80000)
  to   space 5120K, 0% used [0x00000000d7580000,0x00000000d7580000,0x00000000d7a80000)
 ParOldGen       total 86016K, used 407K [0x0000000080000000, 0x0000000085400000, 0x00000000d5580000)
  object space 86016K, 0% used [0x0000000080000000,0x0000000080065e78,0x0000000085400000)
 Metaspace       used 9952K, capacity 10038K, committed 10240K, reserved 1058816K
  class space    used 1118K, capacity 1169K, committed 1280K, reserved 1048576K
}
Event: 1.284 GC heap before
{Heap before GC invocations=3 (full 0):
 PSYoungGen      total 37888K, used 37866K [0x00000000d5580000, 0x00000000d7f80000, 0x0000000100000000)
  eden space 32768K, 100% used [0x00000000d5580000,0x00000000d7580000,0x00000000d7580000)
  from space 5120K, 99% used [0x00000000d7a80000,0x00000000d7f7aa98,0x00000000d7f80000)
  to   space 5120K, 0% used [0x00000000d7580000,0x00000000d7580000,0x00000000d7a80000)
 ParOldGen       total 86016K, used 407K [0x0000000080000000, 0x0000000085400000, 0x00000000d5580000)
  object space 86016K, 0% used [0x0000000080000000,0x0000000080065e78,0x0000000085400000)
 Metaspace       used 11246K, capacity 11302K, committed 11520K, reserved 1058816K
  class space    used 1236K, capacity 1268K, committed 1280K, reserved 1048576K
Event: 1.288 GC heap after
Heap after GC invocations=3 (full 0):
 PSYoungGen      total 37888K, used 5113K [0x00000000d5580000, 0x00000000d7f80000, 0x0000000100000000)
  eden space 32768K, 0% used [0x00000000d5580000,0x00000000d5580000,0x00000000d7580000)
  from space 5120K, 99% used [0x00000000d7580000,0x00000000d7a7e4e0,0x00000000d7a80000)
  to   space 5120K, 0% used [0x00000000d7a80000,0x00000000d7a80000,0x00000000d7f80000)
 ParOldGen       total 86016K, used 1018K [0x0000000080000000, 0x0000000085400000, 0x00000000d5580000)
  object space 86016K, 1% used [0x0000000080000000,0x00000000800feaf0,0x0000000085400000)
 Metaspace       used 11246K, capacity 11302K, committed 11520K, reserved 1058816K
  class space    used 1236K, capacity 1268K, committed 1280K, reserved 1048576K
}
Event: 1.862 GC heap before
{Heap before GC invocations=4 (full 0):
 PSYoungGen      total 37888K, used 37881K [0x00000000d5580000, 0x00000000d7f80000, 0x0000000100000000)
  eden space 32768K, 100% used [0x00000000d5580000,0x00000000d7580000,0x00000000d7580000)
  from space 5120K, 99% used [0x00000000d7580000,0x00000000d7a7e4e0,0x00000000d7a80000)
  to   space 5120K, 0% used [0x00000000d7a80000,0x00000000d7a80000,0x00000000d7f80000)
 ParOldGen       total 86016K, used 1018K [0x0000000080000000, 0x0000000085400000, 0x00000000d5580000)
  object space 86016K, 1% used [0x0000000080000000,0x00000000800feaf0,0x0000000085400000)
 Metaspace       used 15874K, capacity 16026K, committed 16256K, reserved 1062912K
  class space    used 1726K, capacity 1803K, committed 1920K, reserved 1048576K
Event: 1.868 GC heap after
Heap after GC invocations=4 (full 0):
 PSYoungGen      total 37888K, used 5106K [0x00000000d5580000, 0x00000000d7f80000, 0x0000000100000000)
  eden space 32768K, 0% used [0x00000000d5580000,0x00000000d5580000,0x00000000d7580000)
  from space 5120K, 99% used [0x00000000d7a80000,0x00000000d7f7ca10,0x00000000d7f80000)
  to   space 5120K, 0% used [0x00000000d7580000,0x00000000d7580000,0x00000000d7a80000)
 ParOldGen       total 86016K, used 3624K [0x0000000080000000, 0x0000000085400000, 0x00000000d5580000)
  object space 86016K, 4% used [0x0000000080000000,0x000000008038a160,0x0000000085400000)
 Metaspace       used 15874K, capacity 16026K, committed 16256K, reserved 1062912K
  class space    used 1726K, capacity 1803K, committed 1920K, reserved 1048576K
}
Event: 2.304 GC heap before
{Heap before GC invocations=5 (full 0):
 PSYoungGen      total 37888K, used 37874K [0x00000000d5580000, 0x00000000d7f80000, 0x0000000100000000)
  eden space 32768K, 100% used [0x00000000d5580000,0x00000000d7580000,0x00000000d7580000)
  from space 5120K, 99% used [0x00000000d7a80000,0x00000000d7f7ca10,0x00000000d7f80000)
  to   space 5120K, 0% used [0x00000000d7580000,0x00000000d7580000,0x00000000d7a80000)
 ParOldGen       total 86016K, used 3624K [0x0000000080000000, 0x0000000085400000, 0x00000000d5580000)
  object space 86016K, 4% used [0x0000000080000000,0x000000008038a160,0x0000000085400000)
 Metaspace       used 18585K, capacity 18834K, committed 19200K, reserved 1067008K
  class space    used 2096K, capacity 2184K, committed 2304K, reserved 1048576K
Event: 2.310 GC heap after
Heap after GC invocations=5 (full 0):
 PSYoungGen      total 37888K, used 5090K [0x00000000d5580000, 0x00000000d7f80000, 0x0000000100000000)
  eden space 32768K, 0% used [0x00000000d5580000,0x00000000d5580000,0x00000000d7580000)
  from space 5120K, 99% used [0x00000000d7580000,0x00000000d7a78920,0x00000000d7a80000)
  to   space 5120K, 0% used [0x00000000d7a80000,0x00000000d7a80000,0x00000000d7f80000)
 ParOldGen       total 86016K, used 6477K [0x0000000080000000, 0x0000000085400000, 0x00000000d5580000)
  object space 86016K, 7% used [0x0000000080000000,0x00000000806536a8,0x0000000085400000)
 Metaspace       used 18585K, capacity 18834K, committed 19200K, reserved 1067008K
  class space    used 2096K, capacity 2184K, committed 2304K, reserved 1048576K
}

Deoptimization events (10 events):
Event: 2.107 Thread 0x0000000003126000 Uncommon trap: reason=class_check action=maybe_recompile pc=0x0000000003458d30 method=java.io.BufferedInputStream.read([BII)I @ 101
Event: 2.130 Thread 0x0000000003126000 Uncommon trap: reason=unstable_if action=reinterpret pc=0x0000000003458b6c method=java.io.DataInputStream.readUTF(Ljava/io/DataInput;)Ljava/lang/String; @ 31
Event: 2.150 Thread 0x0000000003126000 Uncommon trap: reason=unstable_if action=reinterpret pc=0x000000000354e194 method=sun.misc.URLClassPath$FileLoader.getResource(Ljava/lang/String;Z)Lsun/misc/Resource; @ 139
Event: 2.154 Thread 0x0000000003126000 Uncommon trap: reason=unstable_if action=reinterpret pc=0x00000000037d3fc4 method=java.util.concurrent.ConcurrentHashMap.putVal(Ljava/lang/Object;Ljava/lang/Object;Z)Ljava/lang/Object; @ 181
Event: 2.194 Thread 0x0000000003126000 Uncommon trap: reason=unstable_if action=reinterpret pc=0x0000000003738a8c method=java.lang.ThreadLocal$ThreadLocalMap.getEntry(Ljava/lang/ThreadLocal;)Ljava/lang/ThreadLocal$ThreadLocalMap$Entry; @ 29
Event: 2.203 Thread 0x0000000003126000 Uncommon trap: reason=unstable_if action=reinterpret pc=0x000000000373a49c method=java.lang.ThreadLocal$ThreadLocalMap.getEntry(Ljava/lang/ThreadLocal;)Ljava/lang/ThreadLocal$ThreadLocalMap$Entry; @ 29
Event: 2.377 Thread 0x0000000003126000 Uncommon trap: reason=unstable_if action=reinterpret pc=0x00000000033f0244 method=java.io.WinNTFileSystem.normalize(Ljava/lang/String;II)Ljava/lang/String; @ 8
Event: 2.462 Thread 0x0000000003126000 Uncommon trap: reason=predicate action=maybe_recompile pc=0x000000000381ac38 method=java.lang.String.regionMatches(ZILjava/lang/String;II)Z @ 63
Event: 2.598 Thread 0x0000000003126000 Uncommon trap: reason=unstable_if action=reinterpret pc=0x00000000037e57c0 method=java.lang.Class$MethodArray.addIfNotPresent(Ljava/lang/reflect/Method;)V @ 19
Event: 2.660 Thread 0x0000000003126000 Uncommon trap: reason=unstable_if action=reinterpret pc=0x000000000384386c method=java.io.WinNTFileSystem.isLetter(C)Z @ 3

Classes redefined (0 events):
No events

Internal exceptions (10 events):
Event: 2.626 Thread 0x0000000003126000 Exception <a 'java/lang/ClassNotFoundException': java/util/LinkedListBeanInfo> (0x00000000d6ea3fc0) thrown at [C:\re\workspace\8-2-build-windows-amd64-cygwin\jdk8u181\11358\hotspot\src\share\vm\classfile\systemDictionary.cpp, line 210]
Event: 2.626 Thread 0x0000000003126000 Exception <a 'java/lang/ClassNotFoundException': java/util/AbstractSequentialListBeanInfo> (0x00000000d6ec1fa8) thrown at [C:\re\workspace\8-2-build-windows-amd64-cygwin\jdk8u181\11358\hotspot\src\share\vm\classfile\systemDictionary.cpp, line 210]
Event: 2.627 Thread 0x0000000003126000 Exception <a 'java/lang/ClassNotFoundException': java/util/AbstractSequentialListCustomizer> (0x00000000d6ee0c80) thrown at [C:\re\workspace\8-2-build-windows-amd64-cygwin\jdk8u181\11358\hotspot\src\share\vm\classfile\systemDictionary.cpp, line 210]
Event: 2.629 Thread 0x0000000003126000 Exception <a 'java/lang/ClassNotFoundException': java/util/LinkedListCustomizer> (0x00000000d6f05c48) thrown at [C:\re\workspace\8-2-build-windows-amd64-cygwin\jdk8u181\11358\hotspot\src\share\vm\classfile\systemDictionary.cpp, line 210]
Event: 2.634 Thread 0x0000000003126000 Exception <a 'java/lang/ClassNotFoundException': org/codehaus/groovy/ast/ClassNodeBeanInfo> (0x00000000d6f945e8) thrown at [C:\re\workspace\8-2-build-windows-amd64-cygwin\jdk8u181\11358\hotspot\src\share\vm\classfile\systemDictionary.cpp, line 210]
Event: 2.635 Thread 0x0000000003126000 Exception <a 'java/lang/ClassNotFoundException': org/codehaus/groovy/ast/AnnotatedNodeBeanInfo> (0x00000000d6fc5208) thrown at [C:\re\workspace\8-2-build-windows-amd64-cygwin\jdk8u181\11358\hotspot\src\share\vm\classfile\systemDictionary.cpp, line 210]
Event: 2.636 Thread 0x0000000003126000 Exception <a 'java/lang/ClassNotFoundException': org/codehaus/groovy/ast/AnnotatedNodeCustomizer> (0x00000000d6ff72b8) thrown at [C:\re\workspace\8-2-build-windows-amd64-cygwin\jdk8u181\11358\hotspot\src\share\vm\classfile\systemDictionary.cpp, line 210]
Event: 2.638 Thread 0x0000000003126000 Exception <a 'java/lang/ClassNotFoundException': org/codehaus/groovy/ast/ClassNodeCustomizer> (0x00000000d7036b68) thrown at [C:\re\workspace\8-2-build-windows-amd64-cygwin\jdk8u181\11358\hotspot\src\share\vm\classfile\systemDictionary.cpp, line 210]
Event: 2.656 Thread 0x0000000003126000 Exception <a 'java/lang/ClassNotFoundException': KatalonReportListenerBeanInfo> (0x00000000d7200568) thrown at [C:\re\workspace\8-2-build-windows-amd64-cygwin\jdk8u181\11358\hotspot\src\share\vm\classfile\systemDictionary.cpp, line 210]
Event: 2.657 Thread 0x0000000003126000 Exception <a 'java/lang/ClassNotFoundException': KatalonReportListenerCustomizer> (0x00000000d7225ed0) thrown at [C:\re\workspace\8-2-build-windows-amd64-cygwin\jdk8u181\11358\hotspot\src\share\vm\classfile\systemDictionary.cpp, line 210]

Events (10 events):
Event: 2.661 loading class com/kms/katalon/core/main/ScriptEngine$1
Event: 2.661 loading class com/kms/katalon/core/main/ScriptEngine$1 done
Event: 2.667 loading class groovy/lang/GroovyObject$com$kms$katalon$core$webui$keyword$WebUiBuiltInKeywords
Event: 2.667 loading class groovy/lang/GroovyObject$com$kms$katalon$core$webui$keyword$WebUiBuiltInKeywords done
Event: 2.668 loading class groovy/lang/GroovyObject$java$lang$com$kms$katalon$core$webui$keyword$WebUiBuiltInKeywords
Event: 2.668 loading class groovy/lang/GroovyObject$java$lang$com$kms$katalon$core$webui$keyword$WebUiBuiltInKeywords done
Event: 2.669 loading class java/lang/com$kms$katalon$core$webui$keyword$WebUiBuiltInKeywords
Event: 2.669 loading class java/lang/com$kms$katalon$core$webui$keyword$WebUiBuiltInKeywords done
Event: 2.670 loading class groovy/lang/GroovyObject$java$io$com$kms$katalon$core$webui$keyword$WebUiBuiltInKeywords
Event: 2.670 loading class groovy/lang/GroovyObject$java$io$com$kms$katalon$core$webui$keyword$WebUiBuiltInKeywords done


Dynamic libraries:
0x00007ff7886c0000 - 0x00007ff7886f7000 	C:\Users\aravind.y\Downloads\Katalon_Studio_Windows_64-7.6.2\Katalon_Studio_Windows_64-7.6.2\jre\bin\javaw.exe
0x00007ffe17a40000 - 0x00007ffe17c30000 	C:\Windows\SYSTEM32\ntdll.dll
0x00007ffe16900000 - 0x00007ffe169b2000 	C:\Windows\System32\KERNEL32.DLL
0x00007ffe149f0000 - 0x00007ffe14c95000 	C:\Windows\System32\KERNELBASE.dll
0x0000000062250000 - 0x00000000622e3000 	C:\Windows\System32\SYSFER.DLL
0x00007ffe15af0000 - 0x00007ffe15b93000 	C:\Windows\System32\ADVAPI32.dll
0x00007ffe16260000 - 0x00007ffe162fe000 	C:\Windows\System32\msvcrt.dll
0x00007ffe15e00000 - 0x00007ffe15e97000 	C:\Windows\System32\sechost.dll
0x00007ffe16300000 - 0x00007ffe1641f000 	C:\Windows\System32\RPCRT4.dll
0x00007ffe160c0000 - 0x00007ffe16254000 	C:\Windows\System32\USER32.dll
0x00007ffe154b0000 - 0x00007ffe154d1000 	C:\Windows\System32\win32u.dll
0x00007ffe169c0000 - 0x00007ffe169e6000 	C:\Windows\System32\GDI32.dll
0x00007ffe154e0000 - 0x00007ffe15678000 	C:\Windows\System32\gdi32full.dll
0x00007ffe15680000 - 0x00007ffe1571e000 	C:\Windows\System32\msvcp_win.dll
0x00007ffe159f0000 - 0x00007ffe15aea000 	C:\Windows\System32\ucrtbase.dll
0x00007ffdff400000 - 0x00007ffdff684000 	C:\Windows\WinSxS\amd64_microsoft.windows.common-controls_6595b64144ccf1df_6.0.18362.1379_none_9e7ff3b3e45cc0c4\COMCTL32.dll
0x00007ffe16f60000 - 0x00007ffe17297000 	C:\Windows\System32\combase.dll
0x00007ffe15420000 - 0x00007ffe154a1000 	C:\Windows\System32\bcryptPrimitives.dll
0x00007ffe168d0000 - 0x00007ffe168fe000 	C:\Windows\System32\IMM32.DLL
0x0000000060f80000 - 0x0000000061052000 	C:\Users\aravind.y\Downloads\Katalon_Studio_Windows_64-7.6.2\Katalon_Studio_Windows_64-7.6.2\jre\bin\msvcr100.dll
0x0000000061130000 - 0x00000000619d2000 	C:\Users\aravind.y\Downloads\Katalon_Studio_Windows_64-7.6.2\Katalon_Studio_Windows_64-7.6.2\jre\bin\server\jvm.dll
0x00007ffe16f30000 - 0x00007ffe16f38000 	C:\Windows\System32\PSAPI.DLL
0x00007ffdfb760000 - 0x00007ffdfb769000 	C:\Windows\SYSTEM32\WSOCK32.dll
0x00007ffe16560000 - 0x00007ffe165cf000 	C:\Windows\System32\WS2_32.dll
0x00007ffe0f7d0000 - 0x00007ffe0f7f4000 	C:\Windows\SYSTEM32\WINMM.dll
0x00007ffe0a560000 - 0x00007ffe0a56a000 	C:\Windows\SYSTEM32\VERSION.dll
0x00007ffe0f7a0000 - 0x00007ffe0f7cd000 	C:\Windows\SYSTEM32\WINMMBASE.dll
0x00007ffe159a0000 - 0x00007ffe159ea000 	C:\Windows\System32\cfgmgr32.dll
0x0000000061bb0000 - 0x0000000061bbf000 	C:\Users\aravind.y\Downloads\Katalon_Studio_Windows_64-7.6.2\Katalon_Studio_Windows_64-7.6.2\jre\bin\verify.dll
0x0000000061b80000 - 0x0000000061ba9000 	C:\Users\aravind.y\Downloads\Katalon_Studio_Windows_64-7.6.2\Katalon_Studio_Windows_64-7.6.2\jre\bin\java.dll
0x0000000061b60000 - 0x0000000061b76000 	C:\Users\aravind.y\Downloads\Katalon_Studio_Windows_64-7.6.2\Katalon_Studio_Windows_64-7.6.2\jre\bin\zip.dll
0x00007ffe172a0000 - 0x00007ffe17988000 	C:\Windows\System32\SHELL32.dll
0x00007ffe15ba0000 - 0x00007ffe15c47000 	C:\Windows\System32\shcore.dll
0x00007ffe14ca0000 - 0x00007ffe1541b000 	C:\Windows\System32\windows.storage.dll
0x00007ffe14990000 - 0x00007ffe149b3000 	C:\Windows\System32\profapi.dll
0x00007ffe14940000 - 0x00007ffe1498a000 	C:\Windows\System32\powrprof.dll
0x00007ffe148f0000 - 0x00007ffe14900000 	C:\Windows\System32\UMPDC.dll
0x00007ffe16500000 - 0x00007ffe16552000 	C:\Windows\System32\shlwapi.dll
0x00007ffe14900000 - 0x00007ffe14911000 	C:\Windows\System32\kernel.appcore.dll
0x00007ffe15870000 - 0x00007ffe15887000 	C:\Windows\System32\cryptsp.dll
0x0000000061b40000 - 0x0000000061b5a000 	C:\Users\aravind.y\Downloads\Katalon_Studio_Windows_64-7.6.2\Katalon_Studio_Windows_64-7.6.2\jre\bin\net.dll
0x00007ffe140d0000 - 0x00007ffe14137000 	C:\Windows\system32\mswsock.dll
0x0000000061b20000 - 0x0000000061b31000 	C:\Users\aravind.y\Downloads\Katalon_Studio_Windows_64-7.6.2\Katalon_Studio_Windows_64-7.6.2\jre\bin\nio.dll

VM Arguments:
jvm_args: -Dgroovy.home=/C:/Users/aravind.y/Downloads/Katalon_Studio_Windows_64-7.6.2/Katalon_Studio_Windows_64-7.6.2/plugins/org.codehaus.groovy_2.4.7.xx-201611170128-e46/ -Xmx2048m -Dfile.encoding=UTF-8 
java_command: org.codehaus.groovy.tools.GroovyStarter --classpath C:\Users\aravind.y\Katalon Studio\IVR to SMS\Include\scripts\groovy;C:\Users\aravind.y\Katalon Studio\IVR to SMS\Keywords;C:\Users\aravind.y\Katalon Studio\IVR to SMS\Libs;C:\Users\aravind.y\Katalon Studio\IVR to SMS\Test Listeners;C:\Users\aravind.y\Downloads\Katalon_Studio_Windows_64-7.6.2\Katalon_Studio_Windows_64-7.6.2\configuration\plugin\install\38138\1.0.2\katalon-dbms-keywords.jar;C:\Users\aravind.y\Downloads\Katalon_Studio_Windows_64-7.6.2\Katalon_Studio_Windows_64-7.6.2\configuration\plugin\install\40136\1.2.0\Katalon Gmail.jar;C:\Users\aravind.y\Downloads\Katalon_Studio_Windows_64-7.6.2\Katalon_Studio_Windows_64-7.6.2\configuration\plugin\install\97936\1.0.8\katalon-studio-basic-report-plugin.jar;C:\Users\aravind.y\Downloads\Katalon_Studio_Windows_64-7.6.2\Katalon_Studio_Windows_64-7.6.2\configuration\plugin\install\97938\1.0.2\ExcelKeywords.jar;C:\Users\aravind.y\Downloads\Katalon_Studio_Windows_64-7.6.2\Katalon_Studio_Windows_64-7.6.2\configuration\resources\lib\aalto-xml-1.0.0.jar;C:\Users\aravind.y\Downloads\Katalon_Studio_Windows_64-7.6.2\Katalon_Studio_Windows_64-7.6.2\configuration\resources\lib\aspectjweaver-1.9.1.jar;C:\Users\aravind.y\Downloads\Katalon_Studio_Windows_64-7.6.2\Katalon_Studio_Windows_64-7.6.2\configuration\resources\lib\bcpkix-jdk15on-1.58.jar;C:\Users\aravind.y\Downloads\Katalon_Studio_Windows_64-7.6.2\Katalon_Studio_Windows_64-7.6.2\configuration\resources\lib\bcprov-jdk15on-1.58.jar;C:\Users\aravind.y\Downloads\Katalon_Studio_Windows_64-7.6.2\Katalon_Studio_Windows_64-7.6.2\configuration\resources\lib\browsermob-core-2.1.5.jar;C:\Users\aravind.y\Downloads\Katalon_Studio_Windows_64-7.6.2\Katalon_Studio_Windows_64-7.6.2\configuration\resources\lib\cglib-3.2.10.jar;C:\Users\aravind.y\Downloads\Katalon_Studio_Windows_64-7.6.2\Katalon_Studio_Windows_64-7.6.2\configuration\resources\lib\commons-codec-1.10.jar;C:\Users\aravind.y\Downloads\Katalon_Studio_Windows_64-7.6
java_class_path (initial): C:\Users\aravind.y\Katalon Studio\IVR to SMS\bin\keyword;C:\Users\aravind.y\Katalon Studio\IVR to SMS\bin\listener;C:\Users\aravind.y\Katalon Studio\IVR to SMS\bin\lib;C:\Users\aravind.y\Katalon Studio\IVR to SMS\bin\groovy;C:\Users\aravind.y\Katalon Studio\IVR to SMS\bin;C:\Users\aravind.y\Downloads\Katalon_Studio_Windows_64-7.6.2\Katalon_Studio_Windows_64-7.6.2\plugins\com.kms.katalon.core_1.0.0.202007270815.jar;C:\Users\aravind.y\Downloads\Katalon_Studio_Windows_64-7.6.2\Katalon_Studio_Windows_64-7.6.2\configuration\resources\lib\aalto-xml-1.0.0.jar;C:\Users\aravind.y\Downloads\Katalon_Studio_Windows_64-7.6.2\Katalon_Studio_Windows_64-7.6.2\configuration\resources\lib\aspectjweaver-1.9.1.jar;C:\Users\aravind.y\Downloads\Katalon_Studio_Windows_64-7.6.2\Katalon_Studio_Windows_64-7.6.2\configuration\resources\lib\bcpkix-jdk15on-1.58.jar;C:\Users\aravind.y\Downloads\Katalon_Studio_Windows_64-7.6.2\Katalon_Studio_Windows_64-7.6.2\configuration\resources\lib\bcprov-jdk15on-1.58.jar;C:\Users\aravind.y\Downloads\Katalon_Studio_Windows_64-7.6.2\Katalon_Studio_Windows_64-7.6.2\configuration\resources\lib\browsermob-core-2.1.5.jar;C:\Users\aravind.y\Downloads\Katalon_Studio_Windows_64-7.6.2\Katalon_Studio_Windows_64-7.6.2\configuration\resources\lib\cglib-3.2.10.jar;C:\Users\aravind.y\Downloads\Katalon_Studio_Windows_64-7.6.2\Katalon_Studio_Windows_64-7.6.2\configuration\resources\lib\commons-codec-1.10.jar;C:\Users\aravind.y\Downloads\Katalon_Studio_Windows_64-7.6.2\Katalon_Studio_Windows_64-7.6.2\configuration\resources\lib\commons-collections4-4.1.jar;C:\Users\aravind.y\Downloads\Katalon_Studio_Windows_64-7.6.2\Katalon_Studio_Windows_64-7.6.2\configuration\resources\lib\commons-validator-1.6.jar;C:\Users\aravind.y\Downloads\Katalon_Studio_Windows_64-7.6.2\Katalon_Studio_Windows_64-7.6.2\configuration\resources\lib\curvesapi-1.04.jar;C:\Users\aravind.y\Downloads\Katalon_Studio_Windows_64-7.6.2\Katalon_Studio_Windows_64-7.6.2\configuration\reso
Launcher Type: SUN_STANDARD

Environment Variables:
PATH=C:/Users/aravind.y/Downloads/Katalon_Studio_Windows_64-7.6.2/Katalon_Studio_Windows_64-7.6.2/jre/bin/server;C:/Users/aravind.y/Downloads/Katalon_Studio_Windows_64-7.6.2/Katalon_Studio_Windows_64-7.6.2/jre/bin;C:/Users/aravind.y/Downloads/Katalon_Studio_Windows_64-7.6.2/Katalon_Studio_Windows_64-7.6.2/jre/lib/amd64;C:\Windows\system32;C:\Windows;C:\Windows\System32\Wbem;C:\Windows\System32\WindowsPowerShell\v1.0\;C:\Windows\System32\OpenSSH\;C:\Users\aravind.y\AppData\Local\Microsoft\WindowsApps;;C:\Users\aravind.y\Downloads\Katalon_Studio_Windows_64-7.6.2\Katalon_Studio_Windows_64-7.6.2;
USERNAME=aravind.y
OS=Windows_NT
PROCESSOR_IDENTIFIER=Intel64 Family 6 Model 142 Stepping 10, GenuineIntel



---------------  S Y S T E M  ---------------

OS: Windows 10.0 , 64 bit Build 18362 (10.0.18362.1350)

CPU:total 8 (initial active 8) (4 cores per cpu, 2 threads per core) family 6 model 142 stepping 10, cmov, cx8, fxsr, mmx, sse, sse2, sse3, ssse3, sse4.1, sse4.2, popcnt, avx, avx2, aes, clmul, erms, rtm, 3dnowpref, lzcnt, ht, tsc, tscinvbit, bmi1, bmi2, adx

Memory: 4k page, physical 8244756k(1051008k free), swap 22818192k(3096k free)

vm_info: Java HotSpot(TM) 64-Bit Server VM (25.181-b13) for windows-amd64 JRE (1.8.0_181-b13), built on Jul  7 2018 04:01:33 by "java_re" with MS VC++ 10.0 (VS2010)

time: Tue Jun 01 11:12:03 2021
elapsed time: 2 seconds (0d 0h 0m 2s)

